Determining if the pthread_create exist failed with the following output:
Change Dir: /home/lukas/uni/BSPr/lib/ds/build/CMakeFiles/CMakeTmp

Run Build Command:"/usr/bin/make" "cmTC_c634a/fast"
/usr/bin/make -f CMakeFiles/cmTC_c634a.dir/build.make CMakeFiles/cmTC_c634a.dir/build
make[1]: Entering directory '/home/lukas/uni/BSPr/lib/ds/build/CMakeFiles/CMakeTmp'
Building C object CMakeFiles/cmTC_c634a.dir/CheckSymbolExists.c.o
/usr/bin/cc     -o CMakeFiles/cmTC_c634a.dir/CheckSymbolExists.c.o   -c /home/lukas/uni/BSPr/lib/ds/build/CMakeFiles/CMakeTmp/CheckSymbolExists.c
Linking C executable cmTC_c634a
/usr/bin/cmake -E cmake_link_script CMakeFiles/cmTC_c634a.dir/link.txt --verbose=1
/usr/bin/cc       CMakeFiles/cmTC_c634a.dir/CheckSymbolExists.c.o  -o cmTC_c634a -rdynamic 
CMakeFiles/cmTC_c634a.dir/CheckSymbolExists.c.o: In function `main':
CheckSymbolExists.c:(.text+0x1b): undefined reference to `pthread_create'
collect2: error: ld returned 1 exit status
CMakeFiles/cmTC_c634a.dir/build.make:97: recipe for target 'cmTC_c634a' failed
make[1]: *** [cmTC_c634a] Error 1
make[1]: Leaving directory '/home/lukas/uni/BSPr/lib/ds/build/CMakeFiles/CMakeTmp'
Makefile:126: recipe for target 'cmTC_c634a/fast' failed
make: *** [cmTC_c634a/fast] Error 2

File /home/lukas/uni/BSPr/lib/ds/build/CMakeFiles/CMakeTmp/CheckSymbolExists.c:
/* */
#include <pthread.h>

int main(int argc, char** argv)
{
  (void)argv;
#ifndef pthread_create
  return ((int*)(&pthread_create))[argc];
#else
  (void)argc;
  return 0;
#endif
}

Determining if the function pthread_create exists in the pthreads failed with the following output:
Change Dir: /home/lukas/uni/BSPr/lib/ds/build/CMakeFiles/CMakeTmp

Run Build Command:"/usr/bin/make" "cmTC_ddbbc/fast"
/usr/bin/make -f CMakeFiles/cmTC_ddbbc.dir/build.make CMakeFiles/cmTC_ddbbc.dir/build
make[1]: Entering directory '/home/lukas/uni/BSPr/lib/ds/build/CMakeFiles/CMakeTmp'
Building C object CMakeFiles/cmTC_ddbbc.dir/CheckFunctionExists.c.o
/usr/bin/cc    -DCHECK_FUNCTION_EXISTS=pthread_create   -o CMakeFiles/cmTC_ddbbc.dir/CheckFunctionExists.c.o   -c /usr/share/cmake-3.7/Modules/CheckFunctionExists.c
Linking C executable cmTC_ddbbc
/usr/bin/cmake -E cmake_link_script CMakeFiles/cmTC_ddbbc.dir/link.txt --verbose=1
/usr/bin/cc   -DCHECK_FUNCTION_EXISTS=pthread_create    CMakeFiles/cmTC_ddbbc.dir/CheckFunctionExists.c.o  -o cmTC_ddbbc -rdynamic -lpthreads 
/usr/bin/ld: cannot find -lpthreads
collect2: error: ld returned 1 exit status
CMakeFiles/cmTC_ddbbc.dir/build.make:97: recipe for target 'cmTC_ddbbc' failed
make[1]: *** [cmTC_ddbbc] Error 1
make[1]: Leaving directory '/home/lukas/uni/BSPr/lib/ds/build/CMakeFiles/CMakeTmp'
Makefile:126: recipe for target 'cmTC_ddbbc/fast' failed
make: *** [cmTC_ddbbc/fast] Error 2


